usage: run_value_budget_controller.py [-h] --input_csvs INPUT_CSVS
                                      [INPUT_CSVS ...]
                                      [--eval_lambda EVAL_LAMBDA]
                                      [--norm_tokens NORM_TOKENS]
                                      [--target_budget TARGET_BUDGET]
                                      [--budget_penalty BUDGET_PENALTY]
                                      [--hash_dim_question HASH_DIM_QUESTION]
                                      [--hash_dim_raw HASH_DIM_RAW]
                                      [--epochs_grid EPOCHS_GRID]
                                      [--lr_grid LR_GRID] [--l2_grid L2_GRID]
                                      [--decision_lambda_grid DECISION_LAMBDA_GRID]
                                      [--seed SEED]
                                      [--output_json OUTPUT_JSON]
                                      [--output_csv OUTPUT_CSV]
run_value_budget_controller.py: error: the following arguments are required: --input_csvs
E0322 12:22:32.921000 135918612476544 torch/distributed/elastic/multiprocessing/api.py:833] failed (exitcode: 2) local_rank: 0 (pid: 7271) of binary: /usr/bin/python
Traceback (most recent call last):
  File "/usr/local/bin/torchrun", line 8, in <module>
    sys.exit(main())
             ^^^^^^
  File "/usr/local/lib/python3.11/dist-packages/torch/distributed/elastic/multiprocessing/errors/__init__.py", line 348, in wrapper
    return f(*args, **kwargs)
           ^^^^^^^^^^^^^^^^^^
  File "/usr/local/lib/python3.11/dist-packages/torch/distributed/run.py", line 901, in main
    run(args)
  File "/usr/local/lib/python3.11/dist-packages/torch/distributed/run.py", line 892, in run
    elastic_launch(
  File "/usr/local/lib/python3.11/dist-packages/torch/distributed/launcher/api.py", line 133, in __call__
    return launch_agent(self._config, self._entrypoint, list(args))
           ^^^^^^^^^^^^^^^^^^^^^^^^^^^^^^^^^^^^^^^^^^^^^^^^^^^^^^^^
  File "/usr/local/lib/python3.11/dist-packages/torch/distributed/launcher/api.py", line 264, in launch_agent
    raise ChildFailedError(
torch.distributed.elastic.multiprocessing.errors.ChildFailedError: 
============================================================
scripts/run_value_budget_controller.py FAILED
------------------------------------------------------------
Failures:
  <NO_OTHER_FAILURES>
------------------------------------------------------------
Root Cause (first observed failure):
[0]:
  time      : 2026-03-22_12:22:32
  host      : 3e027249177d
  rank      : 0 (local_rank: 0)
  exitcode  : 2 (pid: 7271)
  error_file: <N/A>
  traceback : To enable traceback see: https://pytorch.org/docs/stable/elastic/errors.html
============================================================
