usage: run_gsm8k_policy_search.py [-h] [--model MODEL]
                                  [--train_split TRAIN_SPLIT]
                                  [--test_split TEST_SPLIT]
                                  [--n_train N_TRAIN] [--n_test N_TEST]
                                  [--seed SEED]
                                  [--train_data_seed TRAIN_DATA_SEED]
                                  [--test_data_seed TEST_DATA_SEED]
                                  [--budgets BUDGETS [BUDGETS ...]]
                                  [--chunk_plan CHUNK_PLAN [CHUNK_PLAN ...]]
                                  [--max_total_tokens MAX_TOTAL_TOKENS]
                                  [--lambda_cost LAMBDA_COST]
                                  [--min_stable_grid MIN_STABLE_GRID [MIN_STABLE_GRID ...]]
                                  [--require_final_grid REQUIRE_FINAL_GRID [REQUIRE_FINAL_GRID ...]]
                                  [--min_tokens_grid MIN_TOKENS_GRID [MIN_TOKENS_GRID ...]]
                                  [--max_steps_grid MAX_STEPS_GRID [MAX_STEPS_GRID ...]]
                                  [--results_dir RESULTS_DIR]
                                  [--prompt_format {plain,chat}]
                                  [--direct_answer] [--enable_thinking]
                                  [--allow_cpu] [--skip_local_model_check]
run_gsm8k_policy_search.py: error: unrecognized arguments: --output_dir results/policy_search/seed123
E0322 12:22:43.013000 131631988372096 torch/distributed/elastic/multiprocessing/api.py:833] failed (exitcode: 2) local_rank: 0 (pid: 7385) of binary: /usr/bin/python
Traceback (most recent call last):
  File "/usr/local/bin/torchrun", line 8, in <module>
    sys.exit(main())
             ^^^^^^
  File "/usr/local/lib/python3.11/dist-packages/torch/distributed/elastic/multiprocessing/errors/__init__.py", line 348, in wrapper
    return f(*args, **kwargs)
           ^^^^^^^^^^^^^^^^^^
  File "/usr/local/lib/python3.11/dist-packages/torch/distributed/run.py", line 901, in main
    run(args)
  File "/usr/local/lib/python3.11/dist-packages/torch/distributed/run.py", line 892, in run
    elastic_launch(
  File "/usr/local/lib/python3.11/dist-packages/torch/distributed/launcher/api.py", line 133, in __call__
    return launch_agent(self._config, self._entrypoint, list(args))
           ^^^^^^^^^^^^^^^^^^^^^^^^^^^^^^^^^^^^^^^^^^^^^^^^^^^^^^^^
  File "/usr/local/lib/python3.11/dist-packages/torch/distributed/launcher/api.py", line 264, in launch_agent
    raise ChildFailedError(
torch.distributed.elastic.multiprocessing.errors.ChildFailedError: 
============================================================
scripts/run_gsm8k_policy_search.py FAILED
------------------------------------------------------------
Failures:
  <NO_OTHER_FAILURES>
------------------------------------------------------------
Root Cause (first observed failure):
[0]:
  time      : 2026-03-22_12:22:43
  host      : 3e027249177d
  rank      : 0 (local_rank: 0)
  exitcode  : 2 (pid: 7385)
  error_file: <N/A>
  traceback : To enable traceback see: https://pytorch.org/docs/stable/elastic/errors.html
============================================================
