usage: run_template_controller_significance.py [-h] --rows_csv ROWS_CSV
                                               [--compare_budget COMPARE_BUDGET]
                                               [--lambda_cost LAMBDA_COST]
                                               [--norm_tokens NORM_TOKENS]
                                               [--n_bootstrap N_BOOTSTRAP]
                                               [--bootstrap_seed BOOTSTRAP_SEED]
                                               [--output_json OUTPUT_JSON]
run_template_controller_significance.py: error: the following arguments are required: --rows_csv
E0322 12:22:49.079000 139292030288512 torch/distributed/elastic/multiprocessing/api.py:833] failed (exitcode: 2) local_rank: 0 (pid: 7430) of binary: /usr/bin/python
Traceback (most recent call last):
  File "/usr/local/bin/torchrun", line 8, in <module>
    sys.exit(main())
             ^^^^^^
  File "/usr/local/lib/python3.11/dist-packages/torch/distributed/elastic/multiprocessing/errors/__init__.py", line 348, in wrapper
    return f(*args, **kwargs)
           ^^^^^^^^^^^^^^^^^^
  File "/usr/local/lib/python3.11/dist-packages/torch/distributed/run.py", line 901, in main
    run(args)
  File "/usr/local/lib/python3.11/dist-packages/torch/distributed/run.py", line 892, in run
    elastic_launch(
  File "/usr/local/lib/python3.11/dist-packages/torch/distributed/launcher/api.py", line 133, in __call__
    return launch_agent(self._config, self._entrypoint, list(args))
           ^^^^^^^^^^^^^^^^^^^^^^^^^^^^^^^^^^^^^^^^^^^^^^^^^^^^^^^^
  File "/usr/local/lib/python3.11/dist-packages/torch/distributed/launcher/api.py", line 264, in launch_agent
    raise ChildFailedError(
torch.distributed.elastic.multiprocessing.errors.ChildFailedError: 
============================================================
scripts/run_template_controller_significance.py FAILED
------------------------------------------------------------
Failures:
  <NO_OTHER_FAILURES>
------------------------------------------------------------
Root Cause (first observed failure):
[0]:
  time      : 2026-03-22_12:22:49
  host      : 3e027249177d
  rank      : 0 (local_rank: 0)
  exitcode  : 2 (pid: 7430)
  error_file: <N/A>
  traceback : To enable traceback see: https://pytorch.org/docs/stable/elastic/errors.html
============================================================
